<?xml version="1.0" encoding="UTF-8"?>
<!-- Generated by org.testng.reporters.JUnitReportReporter -->
<testsuite hostname="DosenMachina" failures="0" tests="1" name="android.RestTest" time="2.178" errors="0" timestamp="2024-01-08T12:16:58 CET" skipped="0">
  <testcase classname="android.RestTest" name="GetBookDetails" time="2.178"/>
</testsuite> <!-- android.RestTest -->
