<?xml version="1.0" encoding="UTF-8"?>
<!-- Generated by org.testng.reporters.JUnitReportReporter -->
<testsuite hostname="DosenMachina" failures="0" tests="1" name="android.BlazeFindAndPurchaseTest" time="21.293" errors="0" timestamp="2024-02-04T17:59:51 CET" skipped="0">
  <testcase classname="android.BlazeFindAndPurchaseTest" name="test_Find_Purchase" time="21.293"/>
</testsuite> <!-- android.BlazeFindAndPurchaseTest -->
